Der Buildvorgang wurde am 09.03.2018 00:45:28 gestartet.
     1>Projekt "C:\Users\Alexander 1964\Desktop\Philipp\Projekt_Yatzy - deutsch\Yatzy\Yatzy\Yatzy.vcxproj" auf Knoten "2", Build Ziel(e).
     1>ClCompile:
         C:\Program Files (x86)\Microsoft Visual Studio 12.0\VC\bin\CL.exe /c /I"C:\Users\Alexander 1964\Desktop\Philipp\Projekt_Yatzy - deutsch\Yatzy\Yatzy\\" /I"Generated Files\\" /IRelease\ /Zi /ZW /ZW:nostdlib /nologo /W3 /WX- /sdl /MP /O2 /Oi /Oy- /GL /D PSAPI_VERSION=2 /D WINAPI_FAMILY=WINAPI_FAMILY_PHONE_APP /D _UITHREADCTXT_SUPPORT=0 /D _UNICODE /D UNICODE /Gm- /EHsc /MD /GS /Gy /fp:precise /Zc:wchar_t /Zc:forScope /Yu"pch.h" /Fp"Release\Yatzy.pch" /Fo"Release\\" /Fd"Release\vc120.pdb" /Gd /TP /wd4453 /wd28204 /FU"C:\Program Files (x86)\Microsoft SDKs\WindowsPhoneApp\v8.1\ExtensionSDKs\Microsoft.VCLibs\12.0\References\CommonConfiguration\neutral\platform.winmd" /FU"C:\Program Files (x86)\Windows Phone Kits\8.1\\References\CommonConfiguration\Neutral\Windows.winmd" /FU"C:\Program Files (x86)\Windows Phone Kits\8.1\\References\CommonConfiguration\Neutral\Windows.winmd" /analyze- /errorReport:prompt /bigobj App.xaml.cpp Einstellungen.xaml.cpp Erfolge.xaml.cpp Hilfe.xaml.cpp MainPage.xaml.cpp Score.xaml.cpp
         App.xaml.cpp
         Einstellungen.xaml.cpp
         Erfolge.xaml.cpp
         Hilfe.xaml.cpp
         MainPage.xaml.cpp
         Score.xaml.cpp
       CreateWinMD:
         C:\Program Files (x86)\Microsoft Visual Studio 12.0\VC\bin\link.exe /ERRORREPORT:PROMPT /OUT:"C:\Users\Alexander 1964\Desktop\Philipp\Projekt_Yatzy - deutsch\Yatzy\Release\Yatzy\Yatzy.exe" /NOLOGO WindowsPhoneCore.lib RuntimeObject.lib PhoneAppModelHost.lib /NODEFAULTLIB:kernel32.lib /NODEFAULTLIB:ole32.lib /MANIFEST:NO /DEBUG /PDB:"C:\Users\Alexander 1964\Desktop\Philipp\Projekt_Yatzy - deutsch\Yatzy\Release\Yatzy\Yatzy.pdb" /SUBSYSTEM:WINDOWS /OPT:REF /OPT:ICF /LTCG /TLBID:1 /APPCONTAINER /WINMD:ONLY /WINMDFILE:"C:\Users\Alexander 1964\Desktop\Philipp\Projekt_Yatzy - deutsch\Yatzy\Release\Yatzy\Yatzy.winmd" /DYNAMICBASE /NXCOMPAT /MACHINE:X86 /SAFESEH Release\App.xaml.obj
         Release\NavigationHelper.obj
         Release\RelayCommand.obj
         Release\SuspensionManager.obj
         Release\Einstellungen.xaml.obj
         Release\Erfolge.xaml.obj
         Release\Hilfe.xaml.obj
         Release\MainPage.xaml.obj
         Release\pch.obj
         Release\Score.xaml.obj
         Release\XamlTypeInfo.Impl.g.obj
         Code wird generiert.
         Codegenerierung ist abgeschlossen.
       CompileXamlGeneratedFiles:
         C:\Program Files (x86)\Microsoft Visual Studio 12.0\VC\bin\CL.exe /c /I"C:\Users\Alexander 1964\Desktop\Philipp\Projekt_Yatzy - deutsch\Yatzy\Yatzy\\" /I"Generated Files\\" /IRelease\ /Zi /ZW /ZW:nostdlib /nologo /W3 /WX- /sdl /MP /O2 /Oi /Oy- /GL /D PSAPI_VERSION=2 /D WINAPI_FAMILY=WINAPI_FAMILY_PHONE_APP /D _UITHREADCTXT_SUPPORT=0 /D _UNICODE /D UNICODE /Gm- /EHsc /MD /GS /Gy /fp:precise /Zc:wchar_t /Zc:forScope /Yu"pch.h" /Fp"Release\Yatzy.pch" /Fo"Release\\" /Fd"Release\vc120.pdb" /Gd /TP /wd4453 /wd28204 /FU"C:\Program Files (x86)\Microsoft SDKs\WindowsPhoneApp\v8.1\ExtensionSDKs\Microsoft.VCLibs\12.0\References\CommonConfiguration\neutral\platform.winmd" /FU"C:\Program Files (x86)\Windows Phone Kits\8.1\\References\CommonConfiguration\Neutral\Windows.winmd" /FU"C:\Program Files (x86)\Windows Phone Kits\8.1\\References\CommonConfiguration\Neutral\Windows.winmd" /analyze- /errorReport:prompt /bigobj "Generated Files\XamlTypeInfo.g.cpp"
         XamlTypeInfo.g.cpp
       Link:
         C:\Program Files (x86)\Microsoft Visual Studio 12.0\VC\bin\link.exe /ERRORREPORT:PROMPT /OUT:"C:\Users\Alexander 1964\Desktop\Philipp\Projekt_Yatzy - deutsch\Yatzy\Release\Yatzy\Yatzy.exe" /NOLOGO WindowsPhoneCore.lib RuntimeObject.lib PhoneAppModelHost.lib /NODEFAULTLIB:kernel32.lib /NODEFAULTLIB:ole32.lib /MANIFEST:NO /DEBUG /PDB:"C:\Users\Alexander 1964\Desktop\Philipp\Projekt_Yatzy - deutsch\Yatzy\Release\Yatzy\Yatzy.pdb" /SUBSYSTEM:WINDOWS /OPT:REF /OPT:ICF /LTCG /TLBID:1 /APPCONTAINER /WINMD:NO /WINMDFILE:"C:\Users\Alexander 1964\Desktop\Philipp\Projekt_Yatzy - deutsch\Yatzy\Release\Yatzy\Yatzy.winmd" /DYNAMICBASE /NXCOMPAT /MACHINE:X86 /SAFESEH Release\App.xaml.obj
         Release\NavigationHelper.obj
         Release\RelayCommand.obj
         Release\SuspensionManager.obj
         Release\Einstellungen.xaml.obj
         Release\Erfolge.xaml.obj
         Release\Hilfe.xaml.obj
         Release\MainPage.xaml.obj
         Release\pch.obj
         Release\Score.xaml.obj
         Release\XamlTypeInfo.Impl.g.obj
         Release\XamlTypeInfo.g.obj
            Bibliothek "C:\Users\Alexander 1964\Desktop\Philipp\Projekt_Yatzy - deutsch\Yatzy\Release\Yatzy\Yatzy.lib" und Objekt "C:\Users\Alexander 1964\Desktop\Philipp\Projekt_Yatzy - deutsch\Yatzy\Release\Yatzy\Yatzy.exp" werden erstellt.
         Code wird generiert.
         Codegenerierung ist abgeschlossen.
         Yatzy.vcxproj -> C:\Users\Alexander 1964\Desktop\Philipp\Projekt_Yatzy - deutsch\Yatzy\Release\Yatzy\Yatzy.exe
     1>Die Erstellung des Projekts "C:\Users\Alexander 1964\Desktop\Philipp\Projekt_Yatzy - deutsch\Yatzy\Yatzy\Yatzy.vcxproj" ist abgeschlossen, Build Ziel(e).

Build erfolgreich.

Verstrichene Zeit 00:01:37.35
