c:\users\alexander 1964\desktop\philipp\projekt_yatzy - deutsch\yatzy\yatzy\release\yatzy.pch
c:\users\alexander 1964\desktop\philipp\projekt_yatzy - deutsch\yatzy\yatzy\release\vc120.pdb
c:\users\alexander 1964\desktop\philipp\projekt_yatzy - deutsch\yatzy\yatzy\release\pch.obj
c:\users\alexander 1964\desktop\philipp\projekt_yatzy - deutsch\yatzy\yatzy\release\app.xaml.obj
c:\users\alexander 1964\desktop\philipp\projekt_yatzy - deutsch\yatzy\yatzy\release\erfolge.xaml.obj
c:\users\alexander 1964\desktop\philipp\projekt_yatzy - deutsch\yatzy\yatzy\release\relaycommand.obj
c:\users\alexander 1964\desktop\philipp\projekt_yatzy - deutsch\yatzy\yatzy\release\einstellungen.xaml.obj
c:\users\alexander 1964\desktop\philipp\projekt_yatzy - deutsch\yatzy\yatzy\release\score.xaml.obj
c:\users\alexander 1964\desktop\philipp\projekt_yatzy - deutsch\yatzy\yatzy\release\navigationhelper.obj
c:\users\alexander 1964\desktop\philipp\projekt_yatzy - deutsch\yatzy\yatzy\release\hilfe.xaml.obj
c:\users\alexander 1964\desktop\philipp\projekt_yatzy - deutsch\yatzy\yatzy\release\xamltypeinfo.impl.g.obj
c:\users\alexander 1964\desktop\philipp\projekt_yatzy - deutsch\yatzy\yatzy\release\suspensionmanager.obj
c:\users\alexander 1964\desktop\philipp\projekt_yatzy - deutsch\yatzy\yatzy\release\mainpage.xaml.obj
c:\users\alexander 1964\desktop\philipp\projekt_yatzy - deutsch\yatzy\yatzy\release\xamltypeinfo.g.obj
c:\users\alexander 1964\desktop\philipp\projekt_yatzy - deutsch\yatzy\yatzy\release\yatzy.tlog\yatzy.winmd.lastbuild
c:\users\alexander 1964\desktop\philipp\projekt_yatzy - deutsch\yatzy\release\yatzy\yatzy.exe
c:\users\alexander 1964\desktop\philipp\projekt_yatzy - deutsch\yatzy\release\yatzy\yatzy.pdb
c:\users\alexander 1964\desktop\philipp\projekt_yatzy - deutsch\yatzy\release\yatzy\yatzy.winmd
c:\users\alexander 1964\desktop\philipp\projekt_yatzy - deutsch\yatzy\release\yatzy\yatzy.lib
c:\users\alexander 1964\desktop\philipp\projekt_yatzy - deutsch\yatzy\release\yatzy\yatzy.exp
c:\users\alexander 1964\desktop\philipp\projekt_yatzy - deutsch\yatzy\yatzy\release\yatzy.vcxprojresolveassemblyreference.cache
c:\users\alexander 1964\desktop\philipp\projekt_yatzy - deutsch\yatzy\yatzy\generated files\app.g.h
c:\users\alexander 1964\desktop\philipp\projekt_yatzy - deutsch\yatzy\yatzy\generated files\app.g.hpp
c:\users\alexander 1964\desktop\philipp\projekt_yatzy - deutsch\yatzy\yatzy\generated files\einstellungen.g.h
c:\users\alexander 1964\desktop\philipp\projekt_yatzy - deutsch\yatzy\yatzy\generated files\einstellungen.g.hpp
c:\users\alexander 1964\desktop\philipp\projekt_yatzy - deutsch\yatzy\yatzy\generated files\erfolge.g.h
c:\users\alexander 1964\desktop\philipp\projekt_yatzy - deutsch\yatzy\yatzy\generated files\erfolge.g.hpp
c:\users\alexander 1964\desktop\philipp\projekt_yatzy - deutsch\yatzy\yatzy\generated files\hilfe.g.h
c:\users\alexander 1964\desktop\philipp\projekt_yatzy - deutsch\yatzy\yatzy\generated files\hilfe.g.hpp
c:\users\alexander 1964\desktop\philipp\projekt_yatzy - deutsch\yatzy\yatzy\generated files\mainpage.g.h
c:\users\alexander 1964\desktop\philipp\projekt_yatzy - deutsch\yatzy\yatzy\generated files\mainpage.g.hpp
c:\users\alexander 1964\desktop\philipp\projekt_yatzy - deutsch\yatzy\yatzy\generated files\score.g.h
c:\users\alexander 1964\desktop\philipp\projekt_yatzy - deutsch\yatzy\yatzy\generated files\score.g.hpp
c:\users\alexander 1964\desktop\philipp\projekt_yatzy - deutsch\yatzy\yatzy\generated files\app.xaml
c:\users\alexander 1964\desktop\philipp\projekt_yatzy - deutsch\yatzy\yatzy\generated files\einstellungen.xaml
c:\users\alexander 1964\desktop\philipp\projekt_yatzy - deutsch\yatzy\yatzy\generated files\erfolge.xaml
c:\users\alexander 1964\desktop\philipp\projekt_yatzy - deutsch\yatzy\yatzy\generated files\hilfe.xaml
c:\users\alexander 1964\desktop\philipp\projekt_yatzy - deutsch\yatzy\yatzy\generated files\mainpage.xaml
c:\users\alexander 1964\desktop\philipp\projekt_yatzy - deutsch\yatzy\yatzy\generated files\score.xaml
c:\users\alexander 1964\desktop\philipp\projekt_yatzy - deutsch\yatzy\yatzy\generated files\app.xbf
c:\users\alexander 1964\desktop\philipp\projekt_yatzy - deutsch\yatzy\yatzy\generated files\einstellungen.xbf
c:\users\alexander 1964\desktop\philipp\projekt_yatzy - deutsch\yatzy\yatzy\generated files\erfolge.xbf
c:\users\alexander 1964\desktop\philipp\projekt_yatzy - deutsch\yatzy\yatzy\generated files\hilfe.xbf
c:\users\alexander 1964\desktop\philipp\projekt_yatzy - deutsch\yatzy\yatzy\generated files\mainpage.xbf
c:\users\alexander 1964\desktop\philipp\projekt_yatzy - deutsch\yatzy\yatzy\generated files\score.xbf
c:\users\alexander 1964\desktop\philipp\projekt_yatzy - deutsch\yatzy\yatzy\release\xamlsavestatefile.xml
c:\users\alexander 1964\desktop\philipp\projekt_yatzy - deutsch\yatzy\yatzy\generated files\xamltypeinfo.g.cpp
c:\users\alexander 1964\desktop\philipp\projekt_yatzy - deutsch\yatzy\release\yatzy\app.xbf
c:\users\alexander 1964\desktop\philipp\projekt_yatzy - deutsch\yatzy\release\yatzy\einstellungen.xbf
c:\users\alexander 1964\desktop\philipp\projekt_yatzy - deutsch\yatzy\release\yatzy\erfolge.xbf
c:\users\alexander 1964\desktop\philipp\projekt_yatzy - deutsch\yatzy\release\yatzy\hilfe.xbf
c:\users\alexander 1964\desktop\philipp\projekt_yatzy - deutsch\yatzy\release\yatzy\mainpage.xbf
c:\users\alexander 1964\desktop\philipp\projekt_yatzy - deutsch\yatzy\release\yatzy\score.xbf
c:\users\alexander 1964\desktop\philipp\projekt_yatzy - deutsch\yatzy\yatzy\release\priconfig.xml
c:\users\alexander 1964\desktop\philipp\projekt_yatzy - deutsch\yatzy\yatzy\release\priconfig.xml.intermediate
c:\users\alexander 1964\desktop\philipp\projekt_yatzy - deutsch\yatzy\yatzy\release\layout.resfiles
c:\users\alexander 1964\desktop\philipp\projekt_yatzy - deutsch\yatzy\yatzy\release\layout.resfiles.intermediate
c:\users\alexander 1964\desktop\philipp\projekt_yatzy - deutsch\yatzy\yatzy\release\resources.resfiles
c:\users\alexander 1964\desktop\philipp\projekt_yatzy - deutsch\yatzy\yatzy\release\resources.resfiles.intermediate
c:\users\alexander 1964\desktop\philipp\projekt_yatzy - deutsch\yatzy\yatzy\release\pri.resfiles
c:\users\alexander 1964\desktop\philipp\projekt_yatzy - deutsch\yatzy\yatzy\release\pri.resfiles.intermediate
c:\users\alexander 1964\desktop\philipp\projekt_yatzy - deutsch\yatzy\release\yatzy\resources.pri
c:\users\alexander 1964\desktop\philipp\projekt_yatzy - deutsch\yatzy\yatzy\release\qualifiers.txt
c:\users\alexander 1964\desktop\philipp\projekt_yatzy - deutsch\yatzy\yatzy\release\qualifiers.txt.intermediate
c:\users\alexander 1964\desktop\philipp\projekt_yatzy - deutsch\yatzy\yatzy\release\multiplequalifiersperdimensionfound.txt
c:\users\alexander 1964\desktop\philipp\projekt_yatzy - deutsch\yatzy\yatzy\release\projectarchitectures.txt
c:\users\alexander 1964\desktop\philipp\projekt_yatzy - deutsch\yatzy\release\yatzy\appxmanifest.xml
c:\users\alexander 1964\desktop\philipp\projekt_yatzy - deutsch\yatzy\release\yatzy\yatzy.build.appxrecipe
c:\users\alexander 1964\desktop\philipp\projekt_yatzy - deutsch\yatzy\yatzy\release\yatzy.tlog\cl.command.1.tlog
c:\users\alexander 1964\desktop\philipp\projekt_yatzy - deutsch\yatzy\yatzy\release\yatzy.tlog\cl.read.1.tlog
c:\users\alexander 1964\desktop\philipp\projekt_yatzy - deutsch\yatzy\yatzy\release\yatzy.tlog\cl.write.1.tlog
c:\users\alexander 1964\desktop\philipp\projekt_yatzy - deutsch\yatzy\yatzy\release\yatzy.tlog\link.command.1.tlog
c:\users\alexander 1964\desktop\philipp\projekt_yatzy - deutsch\yatzy\yatzy\release\yatzy.tlog\link.read.1.tlog
c:\users\alexander 1964\desktop\philipp\projekt_yatzy - deutsch\yatzy\yatzy\release\yatzy.tlog\link.write.1.tlog
c:\users\alexander 1964\desktop\philipp\projekt_yatzy - deutsch\yatzy\yatzy\release\yatzy.tlog\yatzy.read.1u.tlog
c:\users\alexander 1964\desktop\philipp\projekt_yatzy - deutsch\yatzy\yatzy\release\yatzy.tlog\yatzy.write.1u.tlog
c:\users\alexander 1964\desktop\philipp\projekt_yatzy - deutsch\yatzy\yatzy\generated files\basicpage.g.h
c:\users\alexander 1964\desktop\philipp\projekt_yatzy - deutsch\yatzy\yatzy\generated files\contentdialog.g.h
c:\users\alexander 1964\desktop\philipp\projekt_yatzy - deutsch\yatzy\yatzy\generated files\pageeinstellungen.g.h
c:\users\alexander 1964\desktop\philipp\projekt_yatzy - deutsch\yatzy\yatzy\generated files\pagepunkte.g.h
c:\users\alexander 1964\desktop\philipp\projekt_yatzy - deutsch\yatzy\yatzy\generated files\punkte.g.h
c:\users\alexander 1964\desktop\philipp\projekt_yatzy - deutsch\yatzy\yatzy\generated files\xamltypeinfo.g.h
c:\users\alexander 1964\desktop\philipp\projekt_yatzy - deutsch\yatzy\yatzy\generated files\xamllibmetadataprovider.g.cpp
c:\users\alexander 1964\desktop\philipp\projekt_yatzy - deutsch\yatzy\yatzy\generated files\xamltypeinfo.impl.g.cpp
c:\users\alexander 1964\desktop\philipp\projekt_yatzy - deutsch\yatzy\yatzy\generated files\contentdialog.xaml
